============================================================
  Generated by:           Genus(TM) Synthesis Solution 21.10-p002_1
  Generated on:           Jul 05 2024  11:38:25 am
  Module:                 sdrc_bank_fsm
  Operating conditions:   PVT_0P9V_125C (balanced_tree)
  Wireload mode:          enclosed
  Area mode:              timing library
============================================================


Path 1: MET (6721 ps) Setup Check with Pin b2x_cmd_r_reg[0]/CK->D
          Group: clk
     Startpoint: (F) r2b_raddr[6]
          Clock: (R) clk
       Endpoint: (R) b2x_cmd_r_reg[0]/D
          Clock: (R) clk

                     Capture       Launch     
        Clock Edge:+   10000            0     
        Drv Adjust:+       0            0     
       Src Latency:+       0            0     
       Net Latency:+       0 (I)        0 (I) 
           Arrival:=   10000            0     
                                              
             Setup:-     141                  
       Uncertainty:-     100                  
     Required Time:=    9759                  
      Launch Clock:-       0                  
       Input Delay:-    2000                  
         Data Path:-    1038                  
             Slack:=    6721                  

Exceptions/Constraints:
  input_delay             2000            constraints_top.sdc_line_10_6_1 

#-------------------------------------------------------------------------------------------
#   Timing Point     Flags   Arc   Edge   Cell     Fanout Load Trans Delay Arrival Instance 
#                                                         (fF)  (ps)  (ps)   (ps)  Location 
#-------------------------------------------------------------------------------------------
  r2b_raddr[6]       -       -     F     (arrival)      2  0.8     0     0    2000    (-,-) 
  g2462__5526/Y      -       B->Y  R     XNOR2X1        1  0.2    22   148    2148    (-,-) 
  g2360__7410/Y      -       A->Y  F     NAND4XL        1  0.3   198   199    2347    (-,-) 
  g2327__6161/Y      -       C->Y  R     NOR4X1         2  0.8   161   223    2570    (-,-) 
  g2/Y               -       B->Y  F     NAND2BX1       2  0.5    77   133    2703    (-,-) 
  g2300__5526/Y      -       B->Y  R     NAND2BX1       2  0.6    38    62    2765    (-,-) 
  g2296__6260/Y      -       C0->Y F     OAI221X1       1  0.4   154   150    2915    (-,-) 
  g2293__2398/Y      -       A1->Y R     AOI21X1        1  0.3    73   123    3038    (-,-) 
  b2x_cmd_r_reg[0]/D <<<     -     R     DFFHQX1        1    -     -     0    3038    (-,-) 
#-------------------------------------------------------------------------------------------

