============================================================
  Generated by:           Genus(TM) Synthesis Solution 21.10-p002_1
  Generated on:           Jul 02 2024  03:11:19 pm
  Module:                 sdrc_top
  Operating conditions:   PVT_0P9V_125C (balanced_tree)
  Wireload mode:          enclosed
  Area mode:              timing library
============================================================

Timing
--------

  Clock    Period 
------------------
sdram_clk 20000.0 


   Cost     Critical         Violating 
  Group    Path Slack  TNS     Paths   
---------------------------------------
default      No paths   0.0            
sdram_clk     15403.8   0.0          0 
---------------------------------------
Total                   0.0          0 

Instance Count
--------------
Leaf Instance Count             4041 
Physical Instance count            0 
Sequential Instance Count       1356 
Combinational Instance Count    2685 
Hierarchical Instance Count        0 

Area
----
Cell Area                          13480.614
Physical Cell Area                 0.000
Total Cell Area (Cell+Physical)    13480.614
Net Area                           0.000
Total Area (Cell+Physical+Net)     13480.614

Max Fanout                         847 (sdram_clk)
Min Fanout                         0 (wb_rst_i)
Average Fanout                     2.8
Terms to net ratio                 3.7715
Terms to instance ratio            3.9366
Runtime                            182.460242 seconds
Elapsed Runtime                    169 seconds
Genus peak memory usage            1327.12 
Innovus peak memory usage          no_value 
Hostname                           vlsicadclient09
