============================================================
  Generated by:           Genus(TM) Synthesis Solution 21.10-p002_1
  Generated on:           Jul 05 2024  12:01:51 pm
  Module:                 sdrc_xfr_ctl
  Operating conditions:   PVT_0P9V_125C (balanced_tree)
  Wireload mode:          enclosed
  Area mode:              timing library
============================================================

Timing
--------

Clock  Period 
--------------
clk   10000.0 


  Cost    Critical         Violating 
 Group   Path Slack  TNS     Paths   
-------------------------------------
clk          3522.0   0.0          0 
default    No paths   0.0            
-------------------------------------
Total                 0.0          0 

Instance Count
--------------
Leaf Instance Count             687 
Physical Instance count           0 
Sequential Instance Count       121 
Combinational Instance Count    566 
Hierarchical Instance Count       0 

Area
----
Cell Area                          1947.348
Physical Cell Area                 0.000
Total Cell Area (Cell+Physical)    1947.348
Net Area                           0.000
Total Area (Cell+Physical+Net)     1947.348

Max Fanout                         121 (clk)
Min Fanout                         1 (d_act_cmd)
Average Fanout                     2.1
Terms to net ratio                 2.8784
Terms to instance ratio            3.3435
Runtime                            47.401070000000004 seconds
Elapsed Runtime                    52 seconds
Genus peak memory usage            1249.10 
Innovus peak memory usage          no_value 
Hostname                           vlsicadclient09
