============================================================
  Generated by:           Genus(TM) Synthesis Solution 21.10-p002_1
  Generated on:           Jul 05 2024  11:55:25 am
  Module:                 sdrc_req_gen
  Operating conditions:   PVT_0P9V_125C (balanced_tree)
  Wireload mode:          enclosed
  Area mode:              timing library
============================================================

Timing
--------

Clock  Period 
--------------
clk   10000.0 


  Cost    Critical         Violating 
 Group   Path Slack  TNS     Paths   
-------------------------------------
clk          3407.8   0.0          0 
default    No paths   0.0            
-------------------------------------
Total                 0.0          0 

Instance Count
--------------
Leaf Instance Count             478 
Physical Instance count           0 
Sequential Instance Count        84 
Combinational Instance Count    394 
Hierarchical Instance Count       0 

Area
----
Cell Area                          1154.592
Physical Cell Area                 0.000
Total Cell Area (Cell+Physical)    1154.592
Net Area                           0.000
Total Area (Cell+Physical+Net)     1154.592

Max Fanout                         84 (clk)
Min Fanout                         0 (max_r2b_len_r[7])
Average Fanout                     2.3
Terms to net ratio                 3.1158
Terms to instance ratio            3.5460
Runtime                            64.242988 seconds
Elapsed Runtime                    71 seconds
Genus peak memory usage            1272.84 
Innovus peak memory usage          no_value 
Hostname                           vlsicadclient09
