============================================================
  Generated by:           Genus(TM) Synthesis Solution 21.10-p002_1
  Generated on:           Jul 03 2024  03:07:11 pm
  Module:                 sdrc_core
  Operating conditions:   PVT_0P9V_125C (balanced_tree)
  Wireload mode:          enclosed
  Area mode:              timing library
============================================================


Path 1: MET (4604 ps) Setup Check with Pin u_req_gen_r2b_raddr_reg[12]/CK->D
          Group: clk
     Startpoint: (R) u_bank_ctl_rank_cnt_reg[0]/CK
          Clock: (R) clk
       Endpoint: (F) u_req_gen_r2b_raddr_reg[12]/D
          Clock: (R) clk

                     Capture       Launch     
        Clock Edge:+   10000            0     
       Src Latency:+       0            0     
       Net Latency:+       0 (I)        0 (I) 
           Arrival:=   10000            0     
                                              
             Setup:-     123                  
     Required Time:=    9877                  
      Launch Clock:-       0                  
         Data Path:-    5274                  
             Slack:=    4604                  

#-------------------------------------------------------------------------------------------------------
#         Timing Point          Flags    Arc   Edge   Cell     Fanout Load Trans Delay Arrival Instance 
#                                                                     (fF)  (ps)  (ps)   (ps)  Location 
#-------------------------------------------------------------------------------------------------------
  u_bank_ctl_rank_cnt_reg[0]/CK -       -      R     (arrival)    584    -     0     0       0    (-,-) 
  u_bank_ctl_rank_cnt_reg[0]/Q  -       CK->Q  F     SDFFQX1        9  2.9    85   225     225    (-,-) 
  g18030__5107/Y                -       B->Y   F     XNOR2X1        1  0.2    24   140     365    (-,-) 
  g17905__5477/Y                -       A1N->Y F     AOI2BB1X1      2  0.6    53   105     470    (-,-) 
  g17886__5122/Y                -       B->Y   R     NOR2BX1        4  1.6   100    89     559    (-,-) 
  g17867__2346/Y                -       B->Y   F     NAND2BX1       2  0.6    76   102     662    (-,-) 
  g17853__2802/Y                -       B->Y   F     MX2XL          1  0.2    25   145     807    (-,-) 
  g17836__2883/Y                -       A1N->Y F     OAI2BB1X1      9  2.9   193   161     968    (-,-) 
  g17826__7098/Y                -       AN->Y  F     NAND2BX1       7  2.1   148   213    1181    (-,-) 
  g17820__3680/Y                -       B->Y   R     NOR2BX1        4  1.2    93   130    1312    (-,-) 
  ADD_UNS_OP_g389/Y             -       B->Y   R     AND2XL         2  1.0    49   146    1458    (-,-) 
  ADD_UNS_OP_g387/CO            -       A->CO  R     ADDFX1         1  0.8    43   210    1667    (-,-) 
  ADD_UNS_OP_g386/CO            -       A->CO  R     ADDFX1         1  0.8    43   206    1874    (-,-) 
  ADD_UNS_OP_g385/CO            -       A->CO  R     ADDFX1         1  0.8    43   206    2080    (-,-) 
  ADD_UNS_OP_g384/CO            -       A->CO  R     ADDFX1         1  0.8    43   206    2286    (-,-) 
  ADD_UNS_OP_g383/CO            -       A->CO  R     ADDFX1         1  0.8    43   206    2493    (-,-) 
  ADD_UNS_OP_g382/CO            -       A->CO  R     ADDFX1         2  0.4    34   202    2694    (-,-) 
  ADD_UNS_OP_g381/Y             -       B->Y   R     AND2XL         3  0.6    34   111    2806    (-,-) 
  ADD_UNS_OP_g379/Y             -       B->Y   R     AND2XL         3  0.8    41   115    2921    (-,-) 
  ADD_UNS_OP_g377/Y             -       B->Y   R     AND2XL         3  0.6    34   115    3036    (-,-) 
  ADD_UNS_OP_g375/Y             -       B->Y   R     AND2XL         3  0.8    41   115    3151    (-,-) 
  ADD_UNS_OP_g373/Y             -       B->Y   R     AND2XL         3  0.6    34   115    3266    (-,-) 
  ADD_UNS_OP_g371/Y             -       B->Y   R     AND2XL         3  0.6    34   111    3377    (-,-) 
  ADD_UNS_OP_g369/Y             -       B->Y   R     AND2XL         3  0.6    34   111    3488    (-,-) 
  ADD_UNS_OP_g367/Y             -       B->Y   R     AND2XL         3  0.6    34   111    3600    (-,-) 
  ADD_UNS_OP_g365/Y             -       B->Y   R     AND2XL         3  0.6    34   111    3711    (-,-) 
  ADD_UNS_OP_g363/Y             -       B->Y   R     AND2XL         3  0.6    34   111    3822    (-,-) 
  ADD_UNS_OP_g361/Y             -       B->Y   R     AND2XL         3  0.6    34   111    3934    (-,-) 
  ADD_UNS_OP_g359/Y             -       B->Y   R     AND2XL         3  0.6    34   111    4045    (-,-) 
  ADD_UNS_OP_g357/Y             -       B->Y   R     AND2XL         3  0.6    34   111    4156    (-,-) 
  ADD_UNS_OP_g355/Y             -       B->Y   R     AND2XL         3  0.6    34   111    4267    (-,-) 
  ADD_UNS_OP_g353/Y             -       B->Y   R     AND2XL         3  0.6    34   111    4379    (-,-) 
  ADD_UNS_OP_g351/Y             -       B->Y   R     AND2XL         3  0.6    34   111    4490    (-,-) 
  ADD_UNS_OP_g349/Y             -       B->Y   R     AND2XL         3  0.8    41   115    4605    (-,-) 
  ADD_UNS_OP_g347/Y             -       B->Y   F     NAND2X1        2  0.6    69    70    4675    (-,-) 
  ADD_UNS_OP_g346/Y             -       B0->Y  F     OA21X1         1  0.4    29    99    4774    (-,-) 
  g25012__7098/Y                -       B0->Y  R     AOI221X1       3  0.8   127   140    4914    (-,-) 
  g24529__9945/Y                -       A1->Y  R     OA22X1         1  0.4    29   223    5137    (-,-) 
  g24327__4733/Y                -       C0->Y  F     OAI221X1       1  0.2   139   137    5274    (-,-) 
  u_req_gen_r2b_raddr_reg[12]/D <<<     -      F     DFFQXL         1    -     -     0    5274    (-,-) 
#-------------------------------------------------------------------------------------------------------

