============================================================
  Generated by:           Genus(TM) Synthesis Solution 21.10-p002_1
  Generated on:           Jul 05 2024  11:45:44 am
  Module:                 sdrc_bs_convert
  Operating conditions:   PVT_0P9V_125C (balanced_tree)
  Wireload mode:          enclosed
  Area mode:              timing library
============================================================

Timing
--------

Clock  Period 
--------------
clk   10000.0 


  Cost    Critical         Violating 
 Group   Path Slack  TNS     Paths   
-------------------------------------
clk          4168.6   0.0          0 
default    No paths   0.0            
-------------------------------------
Total                 0.0          0 

Instance Count
--------------
Leaf Instance Count             191 
Physical Instance count           0 
Sequential Instance Count        28 
Combinational Instance Count    163 
Hierarchical Instance Count       0 

Area
----
Cell Area                          450.072
Physical Cell Area                 0.000
Total Cell Area (Cell+Physical)    450.072
Net Area                           0.000
Total Area (Cell+Physical+Net)     450.072

Max Fanout                         28 (clk)
Min Fanout                         1 (n_1)
Average Fanout                     2.4
Terms to net ratio                 2.9124
Terms to instance ratio            3.8272
Runtime                            30.221474 seconds
Elapsed Runtime                    39 seconds
Genus peak memory usage            1248.38 
Innovus peak memory usage          no_value 
Hostname                           vlsicadclient09
